<?xml version="1.0" encoding="UTF-8" ?>
<testsuite tests="16" failures="0" name="com.cucumber.VitaminProject.Runner_Test" time="0.004" errors="0" skipped="0">
  <properties>
[...]
</properties>
  <testcase classname="Scenario: As a user I want to Register successfully" name="Given Am on the home page" time="0"/>
  <testcase classname="Scenario: As a user I want to Register successfully" name="And I click on My Account link" time="0"/>
  <testcase classname="Scenario: As a user I want to Register successfully" name="And Iclick create account link" time="0.001"/>
  <testcase classname="Scenario: As a user I want to Register successfully" name="And I enter First name" time="0"/>
  <testcase classname="Scenario: As a user I want to Register successfully" name="And I enter Last name" time="0"/>
  <testcase classname="Scenario: As a user I want to Register successfully" name="And I enter email address" time="0"/>
  <testcase classname="Scenario: As a user I want to Register successfully" name="And I enter confirm email address" time="0"/>
  <testcase classname="Scenario: As a user I want to Register successfully" name="And I enter password" time="0.001"/>
  <testcase classname="Scenario: As a user I want to Register successfully" name="And I enter confirm password" time="0"/>
  <testcase classname="Scenario: As a user I want to Register successfully" name="And I select For Home product radio button" time="0"/>
  <testcase classname="Scenario: As a user I want to Register successfully" name="And I select Yes for currently own vitamin" time="0"/>
  <testcase classname="Scenario: As a user I want to Register successfully" name="And I tick the tooltip to agree to Terms and Conditions" time="0"/>
  <testcase classname="Scenario: As a user I want to Register successfully" name="When I click on the Create Account button" time="0"/>
  <testcase classname="Scenario: As a user I want to Register successfully" name="Then My Account is created" time="0"/>
  <testcase classname="Scenario: As a user I want to Register successfully" name="And I log out" time="0"/>
  <testcase classname="Scenario: As a user I want to Register successfully" name="Scenario: As a user I want to Register successfully" time="0.002"/>
</testsuite>